<?xml version="1.0" encoding="UTF-8"?>
<coverage generated="1771629869003" clover="3.2.0">
  <project timestamp="1771629869004" name="All files">
    <metrics statements="145" coveredstatements="130" conditionals="92" coveredconditionals="70" methods="68" coveredmethods="61" elements="305" coveredelements="261" complexity="0" loc="145" ncloc="145" packages="3" files="17" classes="17"/>
    <package name="components">
      <metrics statements="44" coveredstatements="43" conditionals="54" coveredconditionals="40" methods="22" coveredmethods="21"/>
      <file name="ButtonCurrency.jsx" path="C:\Users\luisg\OneDrive\Escritorio\documentos-curso-ebac\Tareas\proyecto-pagina-criptos\blocka\src\components\ButtonCurrency.jsx">
        <metrics statements="5" coveredstatements="5" conditionals="2" coveredconditionals="2" methods="3" coveredmethods="3"/>
        <line num="6" count="1" type="stmt"/>
        <line num="7" count="3" type="stmt"/>
        <line num="8" count="3" type="stmt"/>
        <line num="10" count="3" type="stmt"/>
        <line num="12" count="1" type="stmt"/>
      </file>
      <file name="FavoriteButton.jsx" path="C:\Users\luisg\OneDrive\Escritorio\documentos-curso-ebac\Tareas\proyecto-pagina-criptos\blocka\src\components\FavoriteButton.jsx">
        <metrics statements="7" coveredstatements="7" conditionals="6" coveredconditionals="5" methods="4" coveredmethods="4"/>
        <line num="5" count="1" type="stmt"/>
        <line num="6" count="4" type="stmt"/>
        <line num="8" count="8" type="stmt"/>
        <line num="10" count="4" type="cond" truecount="1" falsecount="1"/>
        <line num="12" count="4" type="stmt"/>
        <line num="14" count="4" type="stmt"/>
        <line num="17" count="1" type="stmt"/>
      </file>
      <file name="Header.jsx" path="C:\Users\luisg\OneDrive\Escritorio\documentos-curso-ebac\Tareas\proyecto-pagina-criptos\blocka\src\components\Header.jsx">
        <metrics statements="6" coveredstatements="6" conditionals="12" coveredconditionals="6" methods="4" coveredmethods="4"/>
        <line num="7" count="1" type="stmt"/>
        <line num="12" count="4" type="stmt"/>
        <line num="14" count="4" type="stmt"/>
        <line num="22" count="4" type="stmt"/>
        <line num="39" count="4" type="stmt"/>
        <line num="56" count="4" type="stmt"/>
      </file>
      <file name="MobileMenu.jsx" path="C:\Users\luisg\OneDrive\Escritorio\documentos-curso-ebac\Tareas\proyecto-pagina-criptos\blocka\src\components\MobileMenu.jsx">
        <metrics statements="6" coveredstatements="6" conditionals="14" coveredconditionals="8" methods="4" coveredmethods="4"/>
        <line num="5" count="1" type="stmt"/>
        <line num="10" count="4" type="stmt"/>
        <line num="12" count="4" type="stmt"/>
        <line num="24" count="4" type="stmt"/>
        <line num="45" count="4" type="stmt"/>
        <line num="66" count="4" type="stmt"/>
      </file>
      <file name="Search.jsx" path="C:\Users\luisg\OneDrive\Escritorio\documentos-curso-ebac\Tareas\proyecto-pagina-criptos\blocka\src\components\Search.jsx">
        <metrics statements="14" coveredstatements="14" conditionals="6" coveredconditionals="6" methods="4" coveredmethods="4"/>
        <line num="7" count="1" type="stmt"/>
        <line num="9" count="9" type="stmt"/>
        <line num="11" count="9" type="stmt"/>
        <line num="13" count="9" type="stmt"/>
        <line num="15" count="3" type="cond" truecount="2" falsecount="0"/>
        <line num="16" count="1" type="stmt"/>
        <line num="17" count="1" type="stmt"/>
        <line num="20" count="2" type="stmt"/>
        <line num="23" count="9" type="stmt"/>
        <line num="30" count="4" type="stmt"/>
        <line num="31" count="4" type="stmt"/>
        <line num="33" count="4" type="cond" truecount="2" falsecount="0"/>
        <line num="34" count="1" type="stmt"/>
        <line num="37" count="1" type="cond" truecount="2" falsecount="0"/>
      </file>
      <file name="SearchContainer.jsx" path="C:\Users\luisg\OneDrive\Escritorio\documentos-curso-ebac\Tareas\proyecto-pagina-criptos\blocka\src\components\SearchContainer.jsx">
        <metrics statements="6" coveredstatements="5" conditionals="14" coveredconditionals="13" methods="3" coveredmethods="2"/>
        <line num="8" count="1" type="stmt"/>
        <line num="13" count="4" type="stmt"/>
        <line num="15" count="4" type="stmt"/>
        <line num="16" count="0" type="stmt"/>
        <line num="19" count="4" type="stmt"/>
        <line num="52" count="2" type="stmt"/>
      </file>
    </package>
    <package name="pages">
      <metrics statements="26" coveredstatements="25" conditionals="28" coveredconditionals="22" methods="13" coveredmethods="12"/>
      <file name="CoinDetail.jsx" path="C:\Users\luisg\OneDrive\Escritorio\documentos-curso-ebac\Tareas\proyecto-pagina-criptos\blocka\src\pages\CoinDetail.jsx">
        <metrics statements="14" coveredstatements="14" conditionals="22" coveredconditionals="18" methods="6" coveredmethods="6"/>
        <line num="11" count="1" type="stmt"/>
        <line num="12" count="4" type="stmt"/>
        <line num="13" count="4" type="stmt"/>
        <line num="15" count="4" type="stmt"/>
        <line num="16" count="4" type="stmt"/>
        <line num="19" count="4" type="stmt"/>
        <line num="20" count="8" type="stmt"/>
        <line num="23" count="8" type="stmt"/>
        <line num="25" count="4" type="stmt"/>
        <line num="47" count="1" type="stmt"/>
        <line num="48" count="1" type="cond" truecount="1" falsecount="1"/>
        <line num="50" count="1" type="stmt"/>
        <line num="126" count="1" type="stmt"/>
        <line num="127" count="4" type="stmt"/>
      </file>
      <file name="Favoritos.jsx" path="C:\Users\luisg\OneDrive\Escritorio\documentos-curso-ebac\Tareas\proyecto-pagina-criptos\blocka\src\pages\Favoritos.jsx">
        <metrics statements="8" coveredstatements="7" conditionals="6" coveredconditionals="4" methods="5" coveredmethods="4"/>
        <line num="10" count="1" type="stmt"/>
        <line num="11" count="10" type="stmt"/>
        <line num="12" count="5" type="stmt"/>
        <line num="13" count="5" type="stmt"/>
        <line num="15" count="5" type="stmt"/>
        <line num="29" count="4" type="stmt"/>
        <line num="35" count="1" type="stmt"/>
        <line num="48" count="0" type="stmt"/>
      </file>
      <file name="Home.jsx" path="C:\Users\luisg\OneDrive\Escritorio\documentos-curso-ebac\Tareas\proyecto-pagina-criptos\blocka\src\pages\Home.jsx">
        <metrics statements="2" coveredstatements="2" conditionals="0" coveredconditionals="0" methods="1" coveredmethods="1"/>
        <line num="8" count="1" type="stmt"/>
        <line num="10" count="1" type="stmt"/>
      </file>
      <file name="Market.jsx" path="C:\Users\luisg\OneDrive\Escritorio\documentos-curso-ebac\Tareas\proyecto-pagina-criptos\blocka\src\pages\Market.jsx">
        <metrics statements="2" coveredstatements="2" conditionals="0" coveredconditionals="0" methods="1" coveredmethods="1"/>
        <line num="10" count="1" type="stmt"/>
        <line num="12" count="1" type="stmt"/>
      </file>
    </package>
    <package name="redux">
      <metrics statements="75" coveredstatements="62" conditionals="10" coveredconditionals="8" methods="33" coveredmethods="28"/>
      <file name="allCoinsSlice.js" path="C:\Users\luisg\OneDrive\Escritorio\documentos-curso-ebac\Tareas\proyecto-pagina-criptos\blocka\src\redux\allCoinsSlice.js">
        <metrics statements="15" coveredstatements="12" conditionals="2" coveredconditionals="2" methods="8" coveredmethods="7"/>
        <line num="4" count="1" type="stmt"/>
        <line num="7" count="0" type="stmt"/>
        <line num="9" count="0" type="stmt"/>
        <line num="23" count="0" type="stmt"/>
        <line num="27" count="1" type="stmt"/>
        <line num="37" count="1" type="stmt"/>
        <line num="40" count="2" type="cond" truecount="2" falsecount="0"/>
        <line num="43" count="1" type="stmt"/>
        <line num="47" count="1" type="stmt"/>
        <line num="49" count="1" type="stmt"/>
        <line num="52" count="1" type="stmt"/>
        <line num="53" count="1" type="stmt"/>
        <line num="56" count="1" type="stmt"/>
        <line num="57" count="1" type="stmt"/>
        <line num="62" count="1" type="stmt"/>
      </file>
      <file name="coinDetailSlice.js" path="C:\Users\luisg\OneDrive\Escritorio\documentos-curso-ebac\Tareas\proyecto-pagina-criptos\blocka\src\redux\coinDetailSlice.js">
        <metrics statements="11" coveredstatements="9" conditionals="0" coveredconditionals="0" methods="5" coveredmethods="4"/>
        <line num="4" count="2" type="stmt"/>
        <line num="6" count="0" type="stmt"/>
        <line num="8" count="0" type="stmt"/>
        <line num="12" count="2" type="stmt"/>
        <line num="20" count="2" type="stmt"/>
        <line num="22" count="1" type="stmt"/>
        <line num="23" count="1" type="stmt"/>
        <line num="26" count="1" type="stmt"/>
        <line num="27" count="1" type="stmt"/>
        <line num="30" count="1" type="stmt"/>
        <line num="31" count="1" type="stmt"/>
      </file>
      <file name="currencySlice.js" path="C:\Users\luisg\OneDrive\Escritorio\documentos-curso-ebac\Tareas\proyecto-pagina-criptos\blocka\src\redux\currencySlice.js">
        <metrics statements="3" coveredstatements="3" conditionals="2" coveredconditionals="2" methods="1" coveredmethods="1"/>
        <line num="3" count="2" type="stmt"/>
        <line num="10" count="2" type="cond" truecount="2" falsecount="0"/>
        <line num="15" count="2" type="stmt"/>
      </file>
      <file name="favoritesSlice.js" path="C:\Users\luisg\OneDrive\Escritorio\documentos-curso-ebac\Tareas\proyecto-pagina-criptos\blocka\src\redux\favoritesSlice.js">
        <metrics statements="8" coveredstatements="8" conditionals="4" coveredconditionals="4" methods="3" coveredmethods="3"/>
        <line num="3" count="3" type="cond" truecount="2" falsecount="0"/>
        <line num="5" count="3" type="stmt"/>
        <line num="13" count="4" type="stmt"/>
        <line num="15" count="4" type="cond" truecount="2" falsecount="0"/>
        <line num="16" count="2" type="stmt"/>
        <line num="18" count="2" type="stmt"/>
        <line num="21" count="4" type="stmt"/>
        <line num="26" count="3" type="stmt"/>
      </file>
      <file name="searchCoinsSlice.js" path="C:\Users\luisg\OneDrive\Escritorio\documentos-curso-ebac\Tareas\proyecto-pagina-criptos\blocka\src\redux\searchCoinsSlice.js">
        <metrics statements="15" coveredstatements="13" conditionals="0" coveredconditionals="0" methods="6" coveredmethods="5"/>
        <line num="4" count="2" type="stmt"/>
        <line num="7" count="0" type="stmt"/>
        <line num="13" count="0" type="stmt"/>
        <line num="17" count="2" type="stmt"/>
        <line num="26" count="1" type="stmt"/>
        <line num="27" count="1" type="stmt"/>
        <line num="28" count="1" type="stmt"/>
        <line num="32" count="1" type="stmt"/>
        <line num="34" count="1" type="stmt"/>
        <line num="35" count="1" type="stmt"/>
        <line num="38" count="1" type="stmt"/>
        <line num="39" count="1" type="stmt"/>
        <line num="42" count="1" type="stmt"/>
        <line num="43" count="1" type="stmt"/>
        <line num="49" count="2" type="stmt"/>
      </file>
      <file name="topCoinsSlice.js" path="C:\Users\luisg\OneDrive\Escritorio\documentos-curso-ebac\Tareas\proyecto-pagina-criptos\blocka\src\redux\topCoinsSlice.js">
        <metrics statements="12" coveredstatements="8" conditionals="0" coveredconditionals="0" methods="5" coveredmethods="4"/>
        <line num="4" count="1" type="stmt"/>
        <line num="7" count="0" type="stmt"/>
        <line num="8" count="0" type="stmt"/>
        <line num="22" count="0" type="stmt"/>
        <line num="24" count="0" type="stmt"/>
        <line num="30" count="1" type="stmt"/>
        <line num="38" count="1" type="stmt"/>
        <line num="40" count="1" type="stmt"/>
        <line num="43" count="1" type="stmt"/>
        <line num="44" count="1" type="stmt"/>
        <line num="47" count="1" type="stmt"/>
        <line num="48" count="1" type="stmt"/>
      </file>
      <file name="trendingSlice.js" path="C:\Users\luisg\OneDrive\Escritorio\documentos-curso-ebac\Tareas\proyecto-pagina-criptos\blocka\src\redux\trendingSlice.js">
        <metrics statements="11" coveredstatements="9" conditionals="2" coveredconditionals="0" methods="5" coveredmethods="4"/>
        <line num="4" count="1" type="stmt"/>
        <line num="6" count="0" type="stmt"/>
        <line num="7" count="0" type="cond" truecount="0" falsecount="2"/>
        <line num="12" count="1" type="stmt"/>
        <line num="20" count="1" type="stmt"/>
        <line num="22" count="1" type="stmt"/>
        <line num="23" count="1" type="stmt"/>
        <line num="26" count="1" type="stmt"/>
        <line num="27" count="1" type="stmt"/>
        <line num="30" count="1" type="stmt"/>
        <line num="31" count="1" type="stmt"/>
      </file>
    </package>
  </project>
</coverage>
