{"C:\\Users\\luisg\\OneDrive\\Escritorio\\documentos-curso-ebac\\Tareas\\proyecto-pagina-criptos\\blocka\\src\\components\\ButtonCurrency.jsx": {"path":"C:\\Users\\luisg\\OneDrive\\Escritorio\\documentos-curso-ebac\\Tareas\\proyecto-pagina-criptos\\blocka\\src\\components\\ButtonCurrency.jsx","statementMap":{"0":{"start":{"line":6,"column":23},"end":{"line":18,"column":1}},"1":{"start":{"line":7,"column":21},"end":{"line":7,"column":34}},"2":{"start":{"line":8,"column":21},"end":{"line":8,"column":65}},"3":{"start":{"line":8,"column":44},"end":{"line":8,"column":64}},"4":{"start":{"line":10,"column":4},"end":{"line":17,"column":6}},"5":{"start":{"line":12,"column":27},"end":{"line":12,"column":53}}},"fnMap":{"0":{"name":"(anonymous_0)","decl":{"start":{"line":6,"column":23},"end":{"line":6,"column":24}},"loc":{"start":{"line":6,"column":29},"end":{"line":18,"column":1}},"line":6},"1":{"name":"(anonymous_1)","decl":{"start":{"line":8,"column":33},"end":{"line":8,"column":34}},"loc":{"start":{"line":8,"column":44},"end":{"line":8,"column":64}},"line":8},"2":{"name":"(anonymous_2)","decl":{"start":{"line":12,"column":21},"end":{"line":12,"column":22}},"loc":{"start":{"line":12,"column":27},"end":{"line":12,"column":53}},"line":12}},"branchMap":{"0":{"loc":{"start":{"line":15,"column":13},"end":{"line":15,"column":51}},"type":"cond-expr","locations":[{"start":{"line":15,"column":34},"end":{"line":15,"column":41}},{"start":{"line":15,"column":44},"end":{"line":15,"column":51}}],"line":15}},"s":{"0":1,"1":3,"2":3,"3":3,"4":3,"5":1},"f":{"0":3,"1":3,"2":1},"b":{"0":[2,1]},"_coverageSchema":"1a1c01bbd47fc00a2c39e90264f33305004495a9","hash":"b8c9ef0d75e7d0c67aad11c0ed6d327436182543"}
,"C:\\Users\\luisg\\OneDrive\\Escritorio\\documentos-curso-ebac\\Tareas\\proyecto-pagina-criptos\\blocka\\src\\components\\FavoriteButton.jsx": {"path":"C:\\Users\\luisg\\OneDrive\\Escritorio\\documentos-curso-ebac\\Tareas\\proyecto-pagina-criptos\\blocka\\src\\components\\FavoriteButton.jsx","statementMap":{"0":{"start":{"line":5,"column":23},"end":{"line":35,"column":1}},"1":{"start":{"line":6,"column":19},"end":{"line":6,"column":32}},"2":{"start":{"line":8,"column":20},"end":{"line":8,"column":63}},"3":{"start":{"line":8,"column":41},"end":{"line":8,"column":62}},"4":{"start":{"line":10,"column":2},"end":{"line":10,"column":25}},"5":{"start":{"line":10,"column":13},"end":{"line":10,"column":25}},"6":{"start":{"line":12,"column":21},"end":{"line":12,"column":58}},"7":{"start":{"line":12,"column":41},"end":{"line":12,"column":57}},"8":{"start":{"line":14,"column":2},"end":{"line":34,"column":4}},"9":{"start":{"line":17,"column":8},"end":{"line":24,"column":9}}},"fnMap":{"0":{"name":"(anonymous_0)","decl":{"start":{"line":5,"column":23},"end":{"line":5,"column":24}},"loc":{"start":{"line":5,"column":35},"end":{"line":35,"column":1}},"line":5},"1":{"name":"(anonymous_1)","decl":{"start":{"line":8,"column":32},"end":{"line":8,"column":33}},"loc":{"start":{"line":8,"column":41},"end":{"line":8,"column":62}},"line":8},"2":{"name":"(anonymous_2)","decl":{"start":{"line":12,"column":36},"end":{"line":12,"column":37}},"loc":{"start":{"line":12,"column":41},"end":{"line":12,"column":57}},"line":12},"3":{"name":"(anonymous_3)","decl":{"start":{"line":16,"column":15},"end":{"line":16,"column":16}},"loc":{"start":{"line":17,"column":8},"end":{"line":24,"column":9}},"line":17}},"branchMap":{"0":{"loc":{"start":{"line":10,"column":2},"end":{"line":10,"column":25}},"type":"if","locations":[{"start":{"line":10,"column":2},"end":{"line":10,"column":25}},{"start":{},"end":{}}],"line":10},"1":{"loc":{"start":{"line":30,"column":10},"end":{"line":30,"column":84}},"type":"cond-expr","locations":[{"start":{"line":30,"column":23},"end":{"line":30,"column":49}},{"start":{"line":30,"column":52},"end":{"line":30,"column":84}}],"line":30},"2":{"loc":{"start":{"line":32,"column":26},"end":{"line":32,"column":65}},"type":"cond-expr","locations":[{"start":{"line":32,"column":39},"end":{"line":32,"column":53}},{"start":{"line":32,"column":56},"end":{"line":32,"column":65}}],"line":32}},"s":{"0":1,"1":4,"2":4,"3":8,"4":4,"5":0,"6":4,"7":2,"8":4,"9":1},"f":{"0":4,"1":8,"2":2,"3":1},"b":{"0":[0,4],"1":[2,2],"2":[2,2]},"_coverageSchema":"1a1c01bbd47fc00a2c39e90264f33305004495a9","hash":"5cd83becb3972fce175dae71497a5cd3ba224a1c"}
,"C:\\Users\\luisg\\OneDrive\\Escritorio\\documentos-curso-ebac\\Tareas\\proyecto-pagina-criptos\\blocka\\src\\components\\Header.jsx": {"path":"C:\\Users\\luisg\\OneDrive\\Escritorio\\documentos-curso-ebac\\Tareas\\proyecto-pagina-criptos\\blocka\\src\\components\\Header.jsx","statementMap":{"0":{"start":{"line":7,"column":15},"end":{"line":85,"column":1}},"1":{"start":{"line":12,"column":8},"end":{"line":12,"column":15}},"2":{"start":{"line":14,"column":4},"end":{"line":84,"column":5}},"3":{"start":{"line":22,"column":20},"end":{"line":30,"column":21}},"4":{"start":{"line":39,"column":20},"end":{"line":47,"column":21}},"5":{"start":{"line":56,"column":20},"end":{"line":64,"column":21}}},"fnMap":{"0":{"name":"(anonymous_0)","decl":{"start":{"line":7,"column":15},"end":{"line":7,"column":16}},"loc":{"start":{"line":7,"column":21},"end":{"line":85,"column":1}},"line":7},"1":{"name":"(anonymous_1)","decl":{"start":{"line":21,"column":31},"end":{"line":21,"column":32}},"loc":{"start":{"line":22,"column":20},"end":{"line":30,"column":21}},"line":22},"2":{"name":"(anonymous_2)","decl":{"start":{"line":38,"column":31},"end":{"line":38,"column":32}},"loc":{"start":{"line":39,"column":20},"end":{"line":47,"column":21}},"line":39},"3":{"name":"(anonymous_3)","decl":{"start":{"line":55,"column":31},"end":{"line":55,"column":32}},"loc":{"start":{"line":56,"column":20},"end":{"line":64,"column":21}},"line":56}},"branchMap":{"0":{"loc":{"start":{"line":23,"column":22},"end":{"line":23,"column":96}},"type":"cond-expr","locations":[{"start":{"line":23,"column":33},"end":{"line":23,"column":48}},{"start":{"line":23,"column":51},"end":{"line":23,"column":96}}],"line":23},"1":{"loc":{"start":{"line":29,"column":22},"end":{"line":29,"column":57}},"type":"cond-expr","locations":[{"start":{"line":29,"column":33},"end":{"line":29,"column":52}},{"start":{"line":29,"column":55},"end":{"line":29,"column":57}}],"line":29},"2":{"loc":{"start":{"line":40,"column":22},"end":{"line":40,"column":96}},"type":"cond-expr","locations":[{"start":{"line":40,"column":33},"end":{"line":40,"column":48}},{"start":{"line":40,"column":51},"end":{"line":40,"column":96}}],"line":40},"3":{"loc":{"start":{"line":46,"column":22},"end":{"line":46,"column":57}},"type":"cond-expr","locations":[{"start":{"line":46,"column":33},"end":{"line":46,"column":52}},{"start":{"line":46,"column":55},"end":{"line":46,"column":57}}],"line":46},"4":{"loc":{"start":{"line":57,"column":22},"end":{"line":57,"column":96}},"type":"cond-expr","locations":[{"start":{"line":57,"column":33},"end":{"line":57,"column":48}},{"start":{"line":57,"column":51},"end":{"line":57,"column":96}}],"line":57},"5":{"loc":{"start":{"line":63,"column":22},"end":{"line":63,"column":57}},"type":"cond-expr","locations":[{"start":{"line":63,"column":33},"end":{"line":63,"column":52}},{"start":{"line":63,"column":55},"end":{"line":63,"column":57}}],"line":63}},"s":{"0":1,"1":4,"2":4,"3":4,"4":4,"5":4},"f":{"0":4,"1":4,"2":4,"3":4},"b":{"0":[4,0],"1":[4,0],"2":[0,4],"3":[0,4],"4":[0,4],"5":[0,4]},"_coverageSchema":"1a1c01bbd47fc00a2c39e90264f33305004495a9","hash":"47140cb368f89e34737428fd031a3097650cbe68"}
,"C:\\Users\\luisg\\OneDrive\\Escritorio\\documentos-curso-ebac\\Tareas\\proyecto-pagina-criptos\\blocka\\src\\components\\MobileMenu.jsx": {"path":"C:\\Users\\luisg\\OneDrive\\Escritorio\\documentos-curso-ebac\\Tareas\\proyecto-pagina-criptos\\blocka\\src\\components\\MobileMenu.jsx","statementMap":{"0":{"start":{"line":5,"column":19},"end":{"line":86,"column":1}},"1":{"start":{"line":10,"column":8},"end":{"line":10,"column":15}},"2":{"start":{"line":12,"column":4},"end":{"line":85,"column":5}},"3":{"start":{"line":24,"column":20},"end":{"line":36,"column":21}},"4":{"start":{"line":45,"column":20},"end":{"line":57,"column":21}},"5":{"start":{"line":66,"column":20},"end":{"line":78,"column":21}}},"fnMap":{"0":{"name":"(anonymous_0)","decl":{"start":{"line":5,"column":19},"end":{"line":5,"column":20}},"loc":{"start":{"line":5,"column":25},"end":{"line":86,"column":1}},"line":5},"1":{"name":"(anonymous_1)","decl":{"start":{"line":23,"column":27},"end":{"line":23,"column":28}},"loc":{"start":{"line":24,"column":20},"end":{"line":36,"column":21}},"line":24},"2":{"name":"(anonymous_2)","decl":{"start":{"line":44,"column":27},"end":{"line":44,"column":28}},"loc":{"start":{"line":45,"column":20},"end":{"line":57,"column":21}},"line":45},"3":{"name":"(anonymous_3)","decl":{"start":{"line":65,"column":27},"end":{"line":65,"column":28}},"loc":{"start":{"line":66,"column":20},"end":{"line":78,"column":21}},"line":66}},"branchMap":{"0":{"loc":{"start":{"line":13,"column":130},"end":{"line":13,"column":175}},"type":"cond-expr","locations":[{"start":{"line":13,"column":139},"end":{"line":13,"column":154}},{"start":{"line":13,"column":157},"end":{"line":13,"column":175}}],"line":13},"1":{"loc":{"start":{"line":27,"column":20},"end":{"line":29,"column":70}},"type":"cond-expr","locations":[{"start":{"line":28,"column":26},"end":{"line":28,"column":50}},{"start":{"line":29,"column":26},"end":{"line":29,"column":70}}],"line":27},"2":{"loc":{"start":{"line":35,"column":22},"end":{"line":35,"column":58}},"type":"cond-expr","locations":[{"start":{"line":35,"column":33},"end":{"line":35,"column":53}},{"start":{"line":35,"column":56},"end":{"line":35,"column":58}}],"line":35},"3":{"loc":{"start":{"line":48,"column":24},"end":{"line":50,"column":74}},"type":"cond-expr","locations":[{"start":{"line":49,"column":30},"end":{"line":49,"column":54}},{"start":{"line":50,"column":30},"end":{"line":50,"column":74}}],"line":48},"4":{"loc":{"start":{"line":56,"column":22},"end":{"line":56,"column":58}},"type":"cond-expr","locations":[{"start":{"line":56,"column":33},"end":{"line":56,"column":53}},{"start":{"line":56,"column":56},"end":{"line":56,"column":58}}],"line":56},"5":{"loc":{"start":{"line":69,"column":24},"end":{"line":71,"column":74}},"type":"cond-expr","locations":[{"start":{"line":70,"column":30},"end":{"line":70,"column":54}},{"start":{"line":71,"column":30},"end":{"line":71,"column":74}}],"line":69},"6":{"loc":{"start":{"line":77,"column":22},"end":{"line":77,"column":58}},"type":"cond-expr","locations":[{"start":{"line":77,"column":33},"end":{"line":77,"column":53}},{"start":{"line":77,"column":56},"end":{"line":77,"column":58}}],"line":77}},"s":{"0":1,"1":4,"2":4,"3":4,"4":4,"5":4},"f":{"0":4,"1":4,"2":4,"3":4},"b":{"0":[3,1],"1":[4,0],"2":[4,0],"3":[0,4],"4":[0,4],"5":[0,4],"6":[0,4]},"_coverageSchema":"1a1c01bbd47fc00a2c39e90264f33305004495a9","hash":"72760dd3df6ac6edf5a7bce7909476deadced3a0"}
,"C:\\Users\\luisg\\OneDrive\\Escritorio\\documentos-curso-ebac\\Tareas\\proyecto-pagina-criptos\\blocka\\src\\components\\Search.jsx": {"path":"C:\\Users\\luisg\\OneDrive\\Escritorio\\documentos-curso-ebac\\Tareas\\proyecto-pagina-criptos\\blocka\\src\\components\\Search.jsx","statementMap":{"0":{"start":{"line":7,"column":15},"end":{"line":48,"column":1}},"1":{"start":{"line":9,"column":30},"end":{"line":9,"column":42}},"2":{"start":{"line":11,"column":21},"end":{"line":11,"column":34}},"3":{"start":{"line":13,"column":25},"end":{"line":21,"column":5}},"4":{"start":{"line":15,"column":8},"end":{"line":18,"column":9}},"5":{"start":{"line":16,"column":12},"end":{"line":16,"column":36}},"6":{"start":{"line":17,"column":12},"end":{"line":17,"column":19}},"7":{"start":{"line":20,"column":8},"end":{"line":20,"column":42}},"8":{"start":{"line":23,"column":4},"end":{"line":47,"column":5}},"9":{"start":{"line":30,"column":34},"end":{"line":30,"column":48}},"10":{"start":{"line":31,"column":20},"end":{"line":31,"column":36}},"11":{"start":{"line":33,"column":20},"end":{"line":35,"column":21}},"12":{"start":{"line":34,"column":24},"end":{"line":34,"column":48}},"13":{"start":{"line":37,"column":34},"end":{"line":37,"column":69}}},"fnMap":{"0":{"name":"(anonymous_0)","decl":{"start":{"line":7,"column":15},"end":{"line":7,"column":16}},"loc":{"start":{"line":7,"column":21},"end":{"line":48,"column":1}},"line":7},"1":{"name":"(anonymous_1)","decl":{"start":{"line":13,"column":25},"end":{"line":13,"column":26}},"loc":{"start":{"line":13,"column":31},"end":{"line":21,"column":5}},"line":13},"2":{"name":"(anonymous_2)","decl":{"start":{"line":29,"column":26},"end":{"line":29,"column":27}},"loc":{"start":{"line":29,"column":33},"end":{"line":36,"column":17}},"line":29},"3":{"name":"(anonymous_3)","decl":{"start":{"line":37,"column":27},"end":{"line":37,"column":28}},"loc":{"start":{"line":37,"column":34},"end":{"line":37,"column":69}},"line":37}},"branchMap":{"0":{"loc":{"start":{"line":15,"column":8},"end":{"line":18,"column":9}},"type":"if","locations":[{"start":{"line":15,"column":8},"end":{"line":18,"column":9}},{"start":{},"end":{}}],"line":15},"1":{"loc":{"start":{"line":33,"column":20},"end":{"line":35,"column":21}},"type":"if","locations":[{"start":{"line":33,"column":20},"end":{"line":35,"column":21}},{"start":{},"end":{}}],"line":33},"2":{"loc":{"start":{"line":37,"column":34},"end":{"line":37,"column":69}},"type":"binary-expr","locations":[{"start":{"line":37,"column":34},"end":{"line":37,"column":51}},{"start":{"line":37,"column":55},"end":{"line":37,"column":69}}],"line":37}},"s":{"0":1,"1":9,"2":9,"3":9,"4":3,"5":1,"6":1,"7":2,"8":9,"9":4,"10":4,"11":4,"12":1,"13":1},"f":{"0":9,"1":3,"2":4,"3":1},"b":{"0":[1,2],"1":[1,3],"2":[1,1]},"_coverageSchema":"1a1c01bbd47fc00a2c39e90264f33305004495a9","hash":"f5e29192c4330486d5dd3566a91517931b9c83aa"}
,"C:\\Users\\luisg\\OneDrive\\Escritorio\\documentos-curso-ebac\\Tareas\\proyecto-pagina-criptos\\blocka\\src\\components\\SearchContainer.jsx": {"path":"C:\\Users\\luisg\\OneDrive\\Escritorio\\documentos-curso-ebac\\Tareas\\proyecto-pagina-criptos\\blocka\\src\\components\\SearchContainer.jsx","statementMap":{"0":{"start":{"line":8,"column":24},"end":{"line":67,"column":1}},"1":{"start":{"line":13,"column":8},"end":{"line":13,"column":15}},"2":{"start":{"line":15,"column":40},"end":{"line":17,"column":5}},"3":{"start":{"line":16,"column":19},"end":{"line":16,"column":36}},"4":{"start":{"line":19,"column":4},"end":{"line":66,"column":5}},"5":{"start":{"line":52,"column":28},"end":{"line":52,"column":96}}},"fnMap":{"0":{"name":"(anonymous_0)","decl":{"start":{"line":8,"column":24},"end":{"line":8,"column":25}},"loc":{"start":{"line":8,"column":30},"end":{"line":67,"column":1}},"line":8},"1":{"name":"(anonymous_1)","decl":{"start":{"line":16,"column":8},"end":{"line":16,"column":9}},"loc":{"start":{"line":16,"column":19},"end":{"line":16,"column":36}},"line":16},"2":{"name":"(anonymous_2)","decl":{"start":{"line":51,"column":37},"end":{"line":51,"column":38}},"loc":{"start":{"line":52,"column":28},"end":{"line":52,"column":96}},"line":52}},"branchMap":{"0":{"loc":{"start":{"line":21,"column":10},"end":{"line":21,"column":59}},"type":"cond-expr","locations":[{"start":{"line":21,"column":23},"end":{"line":21,"column":38}},{"start":{"line":21,"column":41},"end":{"line":21,"column":59}}],"line":21},"1":{"loc":{"start":{"line":35,"column":17},"end":{"line":39,"column":17}},"type":"binary-expr","locations":[{"start":{"line":35,"column":17},"end":{"line":35,"column":24}},{"start":{"line":36,"column":20},"end":{"line":38,"column":26}}],"line":35},"2":{"loc":{"start":{"line":42,"column":17},"end":{"line":46,"column":17}},"type":"binary-expr","locations":[{"start":{"line":42,"column":17},"end":{"line":42,"column":22}},{"start":{"line":43,"column":20},"end":{"line":45,"column":26}}],"line":42},"3":{"loc":{"start":{"line":49,"column":17},"end":{"line":55,"column":17}},"type":"binary-expr","locations":[{"start":{"line":49,"column":17},"end":{"line":49,"column":25}},{"start":{"line":49,"column":29},"end":{"line":49,"column":35}},{"start":{"line":49,"column":39},"end":{"line":49,"column":61}},{"start":{"line":50,"column":20},"end":{"line":54,"column":26}}],"line":49},"4":{"loc":{"start":{"line":57,"column":17},"end":{"line":61,"column":17}},"type":"binary-expr","locations":[{"start":{"line":57,"column":17},"end":{"line":57,"column":25}},{"start":{"line":57,"column":29},"end":{"line":57,"column":35}},{"start":{"line":57,"column":39},"end":{"line":57,"column":59}},{"start":{"line":58,"column":20},"end":{"line":60,"column":24}}],"line":57}},"s":{"0":1,"1":4,"2":4,"3":0,"4":4,"5":2},"f":{"0":4,"1":0,"2":2},"b":{"0":[4,0],"1":[4,1],"2":[4,1],"3":[4,3,2,2],"4":[4,3,2,1]},"_coverageSchema":"1a1c01bbd47fc00a2c39e90264f33305004495a9","hash":"958542d4d0a813a664dd5969e6b70f93939ffc71"}
,"C:\\Users\\luisg\\OneDrive\\Escritorio\\documentos-curso-ebac\\Tareas\\proyecto-pagina-criptos\\blocka\\src\\pages\\CoinDetail.jsx": {"path":"C:\\Users\\luisg\\OneDrive\\Escritorio\\documentos-curso-ebac\\Tareas\\proyecto-pagina-criptos\\blocka\\src\\pages\\CoinDetail.jsx","statementMap":{"0":{"start":{"line":11,"column":19},"end":{"line":124,"column":1}},"1":{"start":{"line":12,"column":17},"end":{"line":12,"column":28}},"2":{"start":{"line":13,"column":19},"end":{"line":13,"column":32}},"3":{"start":{"line":15,"column":2},"end":{"line":17,"column":21}},"4":{"start":{"line":16,"column":4},"end":{"line":16,"column":34}},"5":{"start":{"line":19,"column":44},"end":{"line":21,"column":3}},"6":{"start":{"line":20,"column":15},"end":{"line":20,"column":31}},"7":{"start":{"line":23,"column":19},"end":{"line":23,"column":63}},"8":{"start":{"line":23,"column":42},"end":{"line":23,"column":62}},"9":{"start":{"line":25,"column":2},"end":{"line":123,"column":4}},"10":{"start":{"line":47,"column":22},"end":{"line":47,"column":64}},"11":{"start":{"line":48,"column":26},"end":{"line":48,"column":75}},"12":{"start":{"line":50,"column":8},"end":{"line":120,"column":10}},"13":{"start":{"line":126,"column":13},"end":{"line":131,"column":1}},"14":{"start":{"line":127,"column":2},"end":{"line":130,"column":8}}},"fnMap":{"0":{"name":"(anonymous_0)","decl":{"start":{"line":11,"column":19},"end":{"line":11,"column":20}},"loc":{"start":{"line":11,"column":25},"end":{"line":124,"column":1}},"line":11},"1":{"name":"(anonymous_1)","decl":{"start":{"line":15,"column":12},"end":{"line":15,"column":13}},"loc":{"start":{"line":15,"column":18},"end":{"line":17,"column":3}},"line":15},"2":{"name":"(anonymous_2)","decl":{"start":{"line":20,"column":4},"end":{"line":20,"column":5}},"loc":{"start":{"line":20,"column":15},"end":{"line":20,"column":31}},"line":20},"3":{"name":"(anonymous_3)","decl":{"start":{"line":23,"column":31},"end":{"line":23,"column":32}},"loc":{"start":{"line":23,"column":42},"end":{"line":23,"column":62}},"line":23},"4":{"name":"(anonymous_4)","decl":{"start":{"line":46,"column":38},"end":{"line":46,"column":39}},"loc":{"start":{"line":46,"column":44},"end":{"line":121,"column":7}},"line":46},"5":{"name":"(anonymous_5)","decl":{"start":{"line":126,"column":13},"end":{"line":126,"column":14}},"loc":{"start":{"line":127,"column":2},"end":{"line":130,"column":8}},"line":127}},"branchMap":{"0":{"loc":{"start":{"line":33,"column":7},"end":{"line":37,"column":7}},"type":"binary-expr","locations":[{"start":{"line":33,"column":7},"end":{"line":33,"column":14}},{"start":{"line":34,"column":8},"end":{"line":36,"column":14}}],"line":33},"1":{"loc":{"start":{"line":40,"column":7},"end":{"line":44,"column":7}},"type":"binary-expr","locations":[{"start":{"line":40,"column":7},"end":{"line":40,"column":12}},{"start":{"line":41,"column":8},"end":{"line":43,"column":14}}],"line":40},"2":{"loc":{"start":{"line":46,"column":7},"end":{"line":121,"column":10}},"type":"binary-expr","locations":[{"start":{"line":46,"column":7},"end":{"line":46,"column":15}},{"start":{"line":46,"column":19},"end":{"line":46,"column":25}},{"start":{"line":46,"column":29},"end":{"line":46,"column":33}},{"start":{"line":46,"column":37},"end":{"line":121,"column":10}}],"line":46},"3":{"loc":{"start":{"line":48,"column":26},"end":{"line":48,"column":75}},"type":"binary-expr","locations":[{"start":{"line":48,"column":26},"end":{"line":48,"column":70}},{"start":{"line":48,"column":74},"end":{"line":48,"column":75}}],"line":48},"4":{"loc":{"start":{"line":78,"column":36},"end":{"line":78,"column":86}},"type":"cond-expr","locations":[{"start":{"line":78,"column":53},"end":{"line":78,"column":69}},{"start":{"line":78,"column":72},"end":{"line":78,"column":86}}],"line":78},"5":{"loc":{"start":{"line":88,"column":46},"end":{"line":88,"column":98}},"type":"binary-expr","locations":[{"start":{"line":88,"column":46},"end":{"line":88,"column":91}},{"start":{"line":88,"column":95},"end":{"line":88,"column":98}}],"line":88},"6":{"loc":{"start":{"line":95,"column":17},"end":{"line":97,"column":47}},"type":"cond-expr","locations":[{"start":{"line":96,"column":20},"end":{"line":96,"column":61}},{"start":{"line":97,"column":20},"end":{"line":97,"column":47}}],"line":95},"7":{"loc":{"start":{"line":103,"column":15},"end":{"line":107,"column":15}},"type":"binary-expr","locations":[{"start":{"line":103,"column":15},"end":{"line":103,"column":37}},{"start":{"line":104,"column":16},"end":{"line":106,"column":20}}],"line":103},"8":{"loc":{"start":{"line":108,"column":15},"end":{"line":112,"column":15}},"type":"binary-expr","locations":[{"start":{"line":108,"column":15},"end":{"line":108,"column":44}},{"start":{"line":109,"column":16},"end":{"line":111,"column":20}}],"line":108},"9":{"loc":{"start":{"line":113,"column":15},"end":{"line":117,"column":15}},"type":"binary-expr","locations":[{"start":{"line":113,"column":15},"end":{"line":113,"column":45}},{"start":{"line":114,"column":16},"end":{"line":116,"column":20}}],"line":113}},"s":{"0":1,"1":4,"2":4,"3":4,"4":4,"5":4,"6":8,"7":4,"8":8,"9":4,"10":1,"11":1,"12":1,"13":1,"14":4},"f":{"0":4,"1":4,"2":8,"3":8,"4":1,"5":4},"b":{"0":[4,1],"1":[4,1],"2":[4,3,2,1],"3":[1,0],"4":[1,0],"5":[1,0],"6":[1,0],"7":[1,1],"8":[1,1],"9":[1,1]},"_coverageSchema":"1a1c01bbd47fc00a2c39e90264f33305004495a9","hash":"14c34197d099277b71d23f050ef1475a8ac4c675"}
,"C:\\Users\\luisg\\OneDrive\\Escritorio\\documentos-curso-ebac\\Tareas\\proyecto-pagina-criptos\\blocka\\src\\pages\\Favoritos.jsx": {"path":"C:\\Users\\luisg\\OneDrive\\Escritorio\\documentos-curso-ebac\\Tareas\\proyecto-pagina-criptos\\blocka\\src\\pages\\Favoritos.jsx","statementMap":{"0":{"start":{"line":10,"column":18},"end":{"line":61,"column":1}},"1":{"start":{"line":11,"column":20},"end":{"line":11,"column":63}},"2":{"start":{"line":11,"column":41},"end":{"line":11,"column":62}},"3":{"start":{"line":12,"column":19},"end":{"line":12,"column":32}},"4":{"start":{"line":13,"column":19},"end":{"line":13,"column":32}},"5":{"start":{"line":15,"column":2},"end":{"line":60,"column":4}},"6":{"start":{"line":29,"column":12},"end":{"line":55,"column":18}},"7":{"start":{"line":35,"column":33},"end":{"line":35,"column":63}},"8":{"start":{"line":48,"column":33},"end":{"line":48,"column":61}}},"fnMap":{"0":{"name":"(anonymous_0)","decl":{"start":{"line":10,"column":18},"end":{"line":10,"column":19}},"loc":{"start":{"line":10,"column":24},"end":{"line":61,"column":1}},"line":10},"1":{"name":"(anonymous_1)","decl":{"start":{"line":11,"column":32},"end":{"line":11,"column":33}},"loc":{"start":{"line":11,"column":41},"end":{"line":11,"column":62}},"line":11},"2":{"name":"(anonymous_2)","decl":{"start":{"line":28,"column":25},"end":{"line":28,"column":26}},"loc":{"start":{"line":29,"column":12},"end":{"line":55,"column":18}},"line":29},"3":{"name":"(anonymous_3)","decl":{"start":{"line":35,"column":27},"end":{"line":35,"column":28}},"loc":{"start":{"line":35,"column":33},"end":{"line":35,"column":63}},"line":35},"4":{"name":"(anonymous_4)","decl":{"start":{"line":48,"column":27},"end":{"line":48,"column":28}},"loc":{"start":{"line":48,"column":33},"end":{"line":48,"column":61}},"line":48}},"branchMap":{"0":{"loc":{"start":{"line":22,"column":7},"end":{"line":58,"column":7}},"type":"cond-expr","locations":[{"start":{"line":23,"column":8},"end":{"line":25,"column":12}},{"start":{"line":27,"column":8},"end":{"line":57,"column":14}}],"line":22},"1":{"loc":{"start":{"line":27,"column":96},"end":{"line":27,"column":142}},"type":"cond-expr","locations":[{"start":{"line":27,"column":119},"end":{"line":27,"column":129}},{"start":{"line":27,"column":132},"end":{"line":27,"column":142}}],"line":27},"2":{"loc":{"start":{"line":27,"column":149},"end":{"line":27,"column":195}},"type":"cond-expr","locations":[{"start":{"line":27,"column":172},"end":{"line":27,"column":182}},{"start":{"line":27,"column":185},"end":{"line":27,"column":195}}],"line":27}},"s":{"0":1,"1":5,"2":10,"3":5,"4":5,"5":5,"6":4,"7":1,"8":0},"f":{"0":5,"1":10,"2":4,"3":1,"4":0},"b":{"0":[2,3],"1":[3,0],"2":[3,0]},"_coverageSchema":"1a1c01bbd47fc00a2c39e90264f33305004495a9","hash":"34fd10e8dba9e706825ca9df5c5d214dc24a2d87"}
,"C:\\Users\\luisg\\OneDrive\\Escritorio\\documentos-curso-ebac\\Tareas\\proyecto-pagina-criptos\\blocka\\src\\pages\\Home.jsx": {"path":"C:\\Users\\luisg\\OneDrive\\Escritorio\\documentos-curso-ebac\\Tareas\\proyecto-pagina-criptos\\blocka\\src\\pages\\Home.jsx","statementMap":{"0":{"start":{"line":8,"column":13},"end":{"line":27,"column":1}},"1":{"start":{"line":10,"column":4},"end":{"line":26,"column":5}}},"fnMap":{"0":{"name":"(anonymous_0)","decl":{"start":{"line":8,"column":13},"end":{"line":8,"column":14}},"loc":{"start":{"line":8,"column":19},"end":{"line":27,"column":1}},"line":8}},"branchMap":{},"s":{"0":1,"1":1},"f":{"0":1},"b":{},"_coverageSchema":"1a1c01bbd47fc00a2c39e90264f33305004495a9","hash":"29aee9c7fbef9ff6730d5ff5149e4761e7cc37b7"}
,"C:\\Users\\luisg\\OneDrive\\Escritorio\\documentos-curso-ebac\\Tareas\\proyecto-pagina-criptos\\blocka\\src\\pages\\Market.jsx": {"path":"C:\\Users\\luisg\\OneDrive\\Escritorio\\documentos-curso-ebac\\Tareas\\proyecto-pagina-criptos\\blocka\\src\\pages\\Market.jsx","statementMap":{"0":{"start":{"line":10,"column":15},"end":{"line":26,"column":1}},"1":{"start":{"line":12,"column":4},"end":{"line":25,"column":5}}},"fnMap":{"0":{"name":"(anonymous_0)","decl":{"start":{"line":10,"column":15},"end":{"line":10,"column":16}},"loc":{"start":{"line":10,"column":21},"end":{"line":26,"column":1}},"line":10}},"branchMap":{},"s":{"0":1,"1":1},"f":{"0":1},"b":{},"_coverageSchema":"1a1c01bbd47fc00a2c39e90264f33305004495a9","hash":"2a41aa0f890c8d783d5d1cfd95979d11e1414400"}
,"C:\\Users\\luisg\\OneDrive\\Escritorio\\documentos-curso-ebac\\Tareas\\proyecto-pagina-criptos\\blocka\\src\\redux\\allCoinsSlice.js": {"path":"C:\\Users\\luisg\\OneDrive\\Escritorio\\documentos-curso-ebac\\Tareas\\proyecto-pagina-criptos\\blocka\\src\\redux\\allCoinsSlice.js","statementMap":{"0":{"start":{"line":4,"column":29},"end":{"line":25,"column":1}},"1":{"start":{"line":7,"column":35},"end":{"line":7,"column":45}},"2":{"start":{"line":9,"column":21},"end":{"line":21,"column":5}},"3":{"start":{"line":23,"column":4},"end":{"line":23,"column":25}},"4":{"start":{"line":27,"column":22},"end":{"line":60,"column":2}},"5":{"start":{"line":37,"column":6},"end":{"line":37,"column":22}},"6":{"start":{"line":40,"column":6},"end":{"line":40,"column":42}},"7":{"start":{"line":40,"column":26},"end":{"line":40,"column":42}},"8":{"start":{"line":43,"column":6},"end":{"line":43,"column":21}},"9":{"start":{"line":47,"column":4},"end":{"line":58,"column":9}},"10":{"start":{"line":49,"column":8},"end":{"line":49,"column":29}},"11":{"start":{"line":52,"column":8},"end":{"line":52,"column":30}},"12":{"start":{"line":53,"column":8},"end":{"line":53,"column":39}},"13":{"start":{"line":56,"column":8},"end":{"line":56,"column":30}},"14":{"start":{"line":57,"column":8},"end":{"line":57,"column":43}},"15":{"start":{"line":62,"column":49},"end":{"line":62,"column":70}}},"fnMap":{"0":{"name":"(anonymous_0)","decl":{"start":{"line":6,"column":2},"end":{"line":6,"column":3}},"loc":{"start":{"line":6,"column":29},"end":{"line":24,"column":3}},"line":6},"1":{"name":"(anonymous_1)","decl":{"start":{"line":36,"column":14},"end":{"line":36,"column":15}},"loc":{"start":{"line":36,"column":25},"end":{"line":38,"column":5}},"line":36},"2":{"name":"(anonymous_2)","decl":{"start":{"line":39,"column":14},"end":{"line":39,"column":15}},"loc":{"start":{"line":39,"column":25},"end":{"line":41,"column":5}},"line":39},"3":{"name":"(anonymous_3)","decl":{"start":{"line":42,"column":15},"end":{"line":42,"column":16}},"loc":{"start":{"line":42,"column":26},"end":{"line":44,"column":5}},"line":42},"4":{"name":"(anonymous_4)","decl":{"start":{"line":46,"column":17},"end":{"line":46,"column":18}},"loc":{"start":{"line":46,"column":30},"end":{"line":59,"column":3}},"line":46},"5":{"name":"(anonymous_5)","decl":{"start":{"line":48,"column":38},"end":{"line":48,"column":39}},"loc":{"start":{"line":48,"column":49},"end":{"line":50,"column":7}},"line":48},"6":{"name":"(anonymous_6)","decl":{"start":{"line":51,"column":40},"end":{"line":51,"column":41}},"loc":{"start":{"line":51,"column":59},"end":{"line":54,"column":7}},"line":51},"7":{"name":"(anonymous_7)","decl":{"start":{"line":55,"column":39},"end":{"line":55,"column":40}},"loc":{"start":{"line":55,"column":58},"end":{"line":58,"column":7}},"line":55}},"branchMap":{"0":{"loc":{"start":{"line":40,"column":6},"end":{"line":40,"column":42}},"type":"if","locations":[{"start":{"line":40,"column":6},"end":{"line":40,"column":42}},{"start":{},"end":{}}],"line":40}},"s":{"0":1,"1":0,"2":0,"3":0,"4":1,"5":1,"6":2,"7":1,"8":1,"9":1,"10":1,"11":1,"12":1,"13":1,"14":1,"15":1},"f":{"0":0,"1":1,"2":2,"3":1,"4":1,"5":1,"6":1,"7":1},"b":{"0":[1,1]},"_coverageSchema":"1a1c01bbd47fc00a2c39e90264f33305004495a9","hash":"64adb52e0f96d2c6fd8b6f24c4be30496fe76190"}
,"C:\\Users\\luisg\\OneDrive\\Escritorio\\documentos-curso-ebac\\Tareas\\proyecto-pagina-criptos\\blocka\\src\\redux\\coinDetailSlice.js": {"path":"C:\\Users\\luisg\\OneDrive\\Escritorio\\documentos-curso-ebac\\Tareas\\proyecto-pagina-criptos\\blocka\\src\\redux\\coinDetailSlice.js","statementMap":{"0":{"start":{"line":4,"column":31},"end":{"line":10,"column":1}},"1":{"start":{"line":6,"column":25},"end":{"line":6,"column":88}},"2":{"start":{"line":8,"column":8},"end":{"line":8,"column":28}},"3":{"start":{"line":12,"column":24},"end":{"line":34,"column":2}},"4":{"start":{"line":20,"column":8},"end":{"line":32,"column":14}},"5":{"start":{"line":22,"column":16},"end":{"line":22,"column":37}},"6":{"start":{"line":23,"column":16},"end":{"line":23,"column":35}},"7":{"start":{"line":26,"column":16},"end":{"line":26,"column":38}},"8":{"start":{"line":27,"column":16},"end":{"line":27,"column":47}},"9":{"start":{"line":30,"column":16},"end":{"line":30,"column":38}},"10":{"start":{"line":31,"column":16},"end":{"line":31,"column":51}}},"fnMap":{"0":{"name":"(anonymous_0)","decl":{"start":{"line":5,"column":4},"end":{"line":5,"column":5}},"loc":{"start":{"line":5,"column":17},"end":{"line":9,"column":5}},"line":5},"1":{"name":"(anonymous_1)","decl":{"start":{"line":19,"column":19},"end":{"line":19,"column":20}},"loc":{"start":{"line":19,"column":32},"end":{"line":33,"column":5}},"line":19},"2":{"name":"(anonymous_2)","decl":{"start":{"line":21,"column":46},"end":{"line":21,"column":47}},"loc":{"start":{"line":21,"column":57},"end":{"line":24,"column":13}},"line":21},"3":{"name":"(anonymous_3)","decl":{"start":{"line":25,"column":48},"end":{"line":25,"column":49}},"loc":{"start":{"line":25,"column":67},"end":{"line":28,"column":13}},"line":25},"4":{"name":"(anonymous_4)","decl":{"start":{"line":29,"column":47},"end":{"line":29,"column":48}},"loc":{"start":{"line":29,"column":66},"end":{"line":32,"column":13}},"line":29}},"branchMap":{},"s":{"0":2,"1":0,"2":0,"3":2,"4":2,"5":1,"6":1,"7":1,"8":1,"9":1,"10":1},"f":{"0":0,"1":2,"2":1,"3":1,"4":1},"b":{},"_coverageSchema":"1a1c01bbd47fc00a2c39e90264f33305004495a9","hash":"3a318385e6ffeaba5501106195882f175fe06e33"}
,"C:\\Users\\luisg\\OneDrive\\Escritorio\\documentos-curso-ebac\\Tareas\\proyecto-pagina-criptos\\blocka\\src\\redux\\currencySlice.js": {"path":"C:\\Users\\luisg\\OneDrive\\Escritorio\\documentos-curso-ebac\\Tareas\\proyecto-pagina-criptos\\blocka\\src\\redux\\currencySlice.js","statementMap":{"0":{"start":{"line":3,"column":22},"end":{"line":13,"column":2}},"1":{"start":{"line":10,"column":12},"end":{"line":10,"column":64}},"2":{"start":{"line":15,"column":34},"end":{"line":15,"column":55}}},"fnMap":{"0":{"name":"(anonymous_0)","decl":{"start":{"line":9,"column":24},"end":{"line":9,"column":25}},"loc":{"start":{"line":9,"column":35},"end":{"line":11,"column":9}},"line":9}},"branchMap":{"0":{"loc":{"start":{"line":10,"column":26},"end":{"line":10,"column":63}},"type":"cond-expr","locations":[{"start":{"line":10,"column":50},"end":{"line":10,"column":55}},{"start":{"line":10,"column":58},"end":{"line":10,"column":63}}],"line":10}},"s":{"0":2,"1":2,"2":2},"f":{"0":2},"b":{"0":[1,1]},"_coverageSchema":"1a1c01bbd47fc00a2c39e90264f33305004495a9","hash":"764dbabe4ca268a4370c3b1041eb4b851ba99033"}
,"C:\\Users\\luisg\\OneDrive\\Escritorio\\documentos-curso-ebac\\Tareas\\proyecto-pagina-criptos\\blocka\\src\\redux\\favoritesSlice.js": {"path":"C:\\Users\\luisg\\OneDrive\\Escritorio\\documentos-curso-ebac\\Tareas\\proyecto-pagina-criptos\\blocka\\src\\redux\\favoritesSlice.js","statementMap":{"0":{"start":{"line":3,"column":23},"end":{"line":3,"column":74}},"1":{"start":{"line":5,"column":23},"end":{"line":24,"column":2}},"2":{"start":{"line":13,"column":26},"end":{"line":13,"column":75}},"3":{"start":{"line":13,"column":48},"end":{"line":13,"column":74}},"4":{"start":{"line":15,"column":12},"end":{"line":19,"column":13}},"5":{"start":{"line":16,"column":16},"end":{"line":16,"column":82}},"6":{"start":{"line":16,"column":54},"end":{"line":16,"column":80}},"7":{"start":{"line":18,"column":16},"end":{"line":18,"column":49}},"8":{"start":{"line":21,"column":12},"end":{"line":21,"column":75}},"9":{"start":{"line":26,"column":34},"end":{"line":26,"column":56}}},"fnMap":{"0":{"name":"(anonymous_0)","decl":{"start":{"line":11,"column":24},"end":{"line":11,"column":25}},"loc":{"start":{"line":11,"column":43},"end":{"line":22,"column":9}},"line":11},"1":{"name":"(anonymous_1)","decl":{"start":{"line":13,"column":43},"end":{"line":13,"column":44}},"loc":{"start":{"line":13,"column":48},"end":{"line":13,"column":74}},"line":13},"2":{"name":"(anonymous_2)","decl":{"start":{"line":16,"column":49},"end":{"line":16,"column":50}},"loc":{"start":{"line":16,"column":54},"end":{"line":16,"column":80}},"line":16}},"branchMap":{"0":{"loc":{"start":{"line":3,"column":23},"end":{"line":3,"column":74}},"type":"binary-expr","locations":[{"start":{"line":3,"column":23},"end":{"line":3,"column":68}},{"start":{"line":3,"column":72},"end":{"line":3,"column":74}}],"line":3},"1":{"loc":{"start":{"line":15,"column":12},"end":{"line":19,"column":13}},"type":"if","locations":[{"start":{"line":15,"column":12},"end":{"line":19,"column":13}},{"start":{"line":17,"column":19},"end":{"line":19,"column":13}}],"line":15}},"s":{"0":3,"1":3,"2":4,"3":2,"4":4,"5":2,"6":2,"7":2,"8":4,"9":3},"f":{"0":4,"1":2,"2":2},"b":{"0":[3,3],"1":[2,2]},"_coverageSchema":"1a1c01bbd47fc00a2c39e90264f33305004495a9","hash":"8199d851eb785c2d8d5b450216f8aa57f897533f"}
,"C:\\Users\\luisg\\OneDrive\\Escritorio\\documentos-curso-ebac\\Tareas\\proyecto-pagina-criptos\\blocka\\src\\redux\\searchCoinsSlice.js": {"path":"C:\\Users\\luisg\\OneDrive\\Escritorio\\documentos-curso-ebac\\Tareas\\proyecto-pagina-criptos\\blocka\\src\\redux\\searchCoinsSlice.js","statementMap":{"0":{"start":{"line":4,"column":32},"end":{"line":15,"column":1}},"1":{"start":{"line":7,"column":25},"end":{"line":11,"column":9}},"2":{"start":{"line":13,"column":8},"end":{"line":13,"column":28}},"3":{"start":{"line":17,"column":25},"end":{"line":46,"column":2}},"4":{"start":{"line":26,"column":8},"end":{"line":26,"column":27}},"5":{"start":{"line":27,"column":8},"end":{"line":27,"column":30}},"6":{"start":{"line":28,"column":8},"end":{"line":28,"column":27}},"7":{"start":{"line":32,"column":8},"end":{"line":44,"column":14}},"8":{"start":{"line":34,"column":16},"end":{"line":34,"column":37}},"9":{"start":{"line":35,"column":16},"end":{"line":35,"column":35}},"10":{"start":{"line":38,"column":16},"end":{"line":38,"column":38}},"11":{"start":{"line":39,"column":16},"end":{"line":39,"column":53}},"12":{"start":{"line":42,"column":16},"end":{"line":42,"column":38}},"13":{"start":{"line":43,"column":16},"end":{"line":43,"column":51}},"14":{"start":{"line":49,"column":31},"end":{"line":49,"column":55}}},"fnMap":{"0":{"name":"(anonymous_0)","decl":{"start":{"line":5,"column":4},"end":{"line":5,"column":5}},"loc":{"start":{"line":5,"column":20},"end":{"line":14,"column":5}},"line":5},"1":{"name":"(anonymous_1)","decl":{"start":{"line":25,"column":21},"end":{"line":25,"column":22}},"loc":{"start":{"line":25,"column":32},"end":{"line":29,"column":9}},"line":25},"2":{"name":"(anonymous_2)","decl":{"start":{"line":31,"column":19},"end":{"line":31,"column":20}},"loc":{"start":{"line":31,"column":32},"end":{"line":45,"column":5}},"line":31},"3":{"name":"(anonymous_3)","decl":{"start":{"line":33,"column":47},"end":{"line":33,"column":48}},"loc":{"start":{"line":33,"column":58},"end":{"line":36,"column":13}},"line":33},"4":{"name":"(anonymous_4)","decl":{"start":{"line":37,"column":49},"end":{"line":37,"column":50}},"loc":{"start":{"line":37,"column":68},"end":{"line":40,"column":13}},"line":37},"5":{"name":"(anonymous_5)","decl":{"start":{"line":41,"column":48},"end":{"line":41,"column":49}},"loc":{"start":{"line":41,"column":67},"end":{"line":44,"column":13}},"line":41}},"branchMap":{},"s":{"0":2,"1":0,"2":0,"3":2,"4":1,"5":1,"6":1,"7":1,"8":1,"9":1,"10":1,"11":1,"12":1,"13":1,"14":2},"f":{"0":0,"1":1,"2":1,"3":1,"4":1,"5":1},"b":{},"_coverageSchema":"1a1c01bbd47fc00a2c39e90264f33305004495a9","hash":"7e6fd126fc920cc81bd629fd0ee818975b2805fb"}
,"C:\\Users\\luisg\\OneDrive\\Escritorio\\documentos-curso-ebac\\Tareas\\proyecto-pagina-criptos\\blocka\\src\\redux\\topCoinsSlice.js": {"path":"C:\\Users\\luisg\\OneDrive\\Escritorio\\documentos-curso-ebac\\Tareas\\proyecto-pagina-criptos\\blocka\\src\\redux\\topCoinsSlice.js","statementMap":{"0":{"start":{"line":4,"column":29},"end":{"line":27,"column":1}},"1":{"start":{"line":7,"column":4},"end":{"line":25,"column":5}},"2":{"start":{"line":8,"column":23},"end":{"line":20,"column":7}},"3":{"start":{"line":22,"column":6},"end":{"line":22,"column":27}},"4":{"start":{"line":24,"column":6},"end":{"line":24,"column":44}},"5":{"start":{"line":30,"column":22},"end":{"line":51,"column":2}},"6":{"start":{"line":38,"column":4},"end":{"line":49,"column":9}},"7":{"start":{"line":40,"column":8},"end":{"line":40,"column":29}},"8":{"start":{"line":43,"column":8},"end":{"line":43,"column":30}},"9":{"start":{"line":44,"column":8},"end":{"line":44,"column":39}},"10":{"start":{"line":47,"column":8},"end":{"line":47,"column":30}},"11":{"start":{"line":48,"column":8},"end":{"line":48,"column":37}}},"fnMap":{"0":{"name":"(anonymous_0)","decl":{"start":{"line":6,"column":2},"end":{"line":6,"column":3}},"loc":{"start":{"line":6,"column":53},"end":{"line":26,"column":3}},"line":6},"1":{"name":"(anonymous_1)","decl":{"start":{"line":37,"column":17},"end":{"line":37,"column":18}},"loc":{"start":{"line":37,"column":30},"end":{"line":50,"column":3}},"line":37},"2":{"name":"(anonymous_2)","decl":{"start":{"line":39,"column":38},"end":{"line":39,"column":39}},"loc":{"start":{"line":39,"column":49},"end":{"line":41,"column":7}},"line":39},"3":{"name":"(anonymous_3)","decl":{"start":{"line":42,"column":40},"end":{"line":42,"column":41}},"loc":{"start":{"line":42,"column":59},"end":{"line":45,"column":7}},"line":42},"4":{"name":"(anonymous_4)","decl":{"start":{"line":46,"column":39},"end":{"line":46,"column":40}},"loc":{"start":{"line":46,"column":58},"end":{"line":49,"column":7}},"line":46}},"branchMap":{},"s":{"0":1,"1":0,"2":0,"3":0,"4":0,"5":1,"6":1,"7":1,"8":1,"9":1,"10":1,"11":1},"f":{"0":0,"1":1,"2":1,"3":1,"4":1},"b":{},"_coverageSchema":"1a1c01bbd47fc00a2c39e90264f33305004495a9","hash":"ef5c5ae08fd802a129960e6ee6dcba52e537a2b7"}
,"C:\\Users\\luisg\\OneDrive\\Escritorio\\documentos-curso-ebac\\Tareas\\proyecto-pagina-criptos\\blocka\\src\\redux\\trendingSlice.js": {"path":"C:\\Users\\luisg\\OneDrive\\Escritorio\\documentos-curso-ebac\\Tareas\\proyecto-pagina-criptos\\blocka\\src\\redux\\trendingSlice.js","statementMap":{"0":{"start":{"line":4,"column":29},"end":{"line":9,"column":1}},"1":{"start":{"line":6,"column":25},"end":{"line":6,"column":92}},"2":{"start":{"line":7,"column":8},"end":{"line":7,"column":41}},"3":{"start":{"line":12,"column":22},"end":{"line":34,"column":2}},"4":{"start":{"line":20,"column":8},"end":{"line":32,"column":14}},"5":{"start":{"line":22,"column":16},"end":{"line":22,"column":37}},"6":{"start":{"line":23,"column":16},"end":{"line":23,"column":35}},"7":{"start":{"line":26,"column":16},"end":{"line":26,"column":38}},"8":{"start":{"line":27,"column":16},"end":{"line":27,"column":47}},"9":{"start":{"line":30,"column":16},"end":{"line":30,"column":38}},"10":{"start":{"line":31,"column":16},"end":{"line":31,"column":51}}},"fnMap":{"0":{"name":"(anonymous_0)","decl":{"start":{"line":5,"column":4},"end":{"line":5,"column":5}},"loc":{"start":{"line":5,"column":16},"end":{"line":8,"column":5}},"line":5},"1":{"name":"(anonymous_1)","decl":{"start":{"line":19,"column":19},"end":{"line":19,"column":20}},"loc":{"start":{"line":19,"column":32},"end":{"line":33,"column":5}},"line":19},"2":{"name":"(anonymous_2)","decl":{"start":{"line":21,"column":44},"end":{"line":21,"column":45}},"loc":{"start":{"line":21,"column":55},"end":{"line":24,"column":13}},"line":21},"3":{"name":"(anonymous_3)","decl":{"start":{"line":25,"column":46},"end":{"line":25,"column":47}},"loc":{"start":{"line":25,"column":65},"end":{"line":28,"column":13}},"line":25},"4":{"name":"(anonymous_4)","decl":{"start":{"line":29,"column":45},"end":{"line":29,"column":46}},"loc":{"start":{"line":29,"column":64},"end":{"line":32,"column":13}},"line":29}},"branchMap":{"0":{"loc":{"start":{"line":7,"column":15},"end":{"line":7,"column":40}},"type":"binary-expr","locations":[{"start":{"line":7,"column":15},"end":{"line":7,"column":34}},{"start":{"line":7,"column":38},"end":{"line":7,"column":40}}],"line":7}},"s":{"0":1,"1":0,"2":0,"3":1,"4":1,"5":1,"6":1,"7":1,"8":1,"9":1,"10":1},"f":{"0":0,"1":1,"2":1,"3":1,"4":1},"b":{"0":[0,0]},"_coverageSchema":"1a1c01bbd47fc00a2c39e90264f33305004495a9","hash":"e0a94e9a75eb2656a78ee19e95fcb8dc55f3c228"}
}
