TN:
SF:src\components\ButtonCurrency.jsx
FN:6,(anonymous_0)
FN:8,(anonymous_1)
FN:12,(anonymous_2)
FNF:3
FNH:3
FNDA:3,(anonymous_0)
FNDA:3,(anonymous_1)
FNDA:1,(anonymous_2)
DA:6,1
DA:7,3
DA:8,3
DA:10,3
DA:12,1
LF:5
LH:5
BRDA:15,0,0,2
BRDA:15,0,1,1
BRF:2
BRH:2
end_of_record
TN:
SF:src\components\FavoriteButton.jsx
FN:5,(anonymous_0)
FN:8,(anonymous_1)
FN:12,(anonymous_2)
FN:16,(anonymous_3)
FNF:4
FNH:4
FNDA:4,(anonymous_0)
FNDA:8,(anonymous_1)
FNDA:2,(anonymous_2)
FNDA:1,(anonymous_3)
DA:5,1
DA:6,4
DA:8,8
DA:10,4
DA:12,4
DA:14,4
DA:17,1
LF:7
LH:7
BRDA:10,0,0,0
BRDA:10,0,1,4
BRDA:30,1,0,2
BRDA:30,1,1,2
BRDA:32,2,0,2
BRDA:32,2,1,2
BRF:6
BRH:5
end_of_record
TN:
SF:src\components\Header.jsx
FN:7,(anonymous_0)
FN:21,(anonymous_1)
FN:38,(anonymous_2)
FN:55,(anonymous_3)
FNF:4
FNH:4
FNDA:4,(anonymous_0)
FNDA:4,(anonymous_1)
FNDA:4,(anonymous_2)
FNDA:4,(anonymous_3)
DA:7,1
DA:12,4
DA:14,4
DA:22,4
DA:39,4
DA:56,4
LF:6
LH:6
BRDA:23,0,0,4
BRDA:23,0,1,0
BRDA:29,1,0,4
BRDA:29,1,1,0
BRDA:40,2,0,0
BRDA:40,2,1,4
BRDA:46,3,0,0
BRDA:46,3,1,4
BRDA:57,4,0,0
BRDA:57,4,1,4
BRDA:63,5,0,0
BRDA:63,5,1,4
BRF:12
BRH:6
end_of_record
TN:
SF:src\components\MobileMenu.jsx
FN:5,(anonymous_0)
FN:23,(anonymous_1)
FN:44,(anonymous_2)
FN:65,(anonymous_3)
FNF:4
FNH:4
FNDA:4,(anonymous_0)
FNDA:4,(anonymous_1)
FNDA:4,(anonymous_2)
FNDA:4,(anonymous_3)
DA:5,1
DA:10,4
DA:12,4
DA:24,4
DA:45,4
DA:66,4
LF:6
LH:6
BRDA:13,0,0,3
BRDA:13,0,1,1
BRDA:27,1,0,4
BRDA:27,1,1,0
BRDA:35,2,0,4
BRDA:35,2,1,0
BRDA:48,3,0,0
BRDA:48,3,1,4
BRDA:56,4,0,0
BRDA:56,4,1,4
BRDA:69,5,0,0
BRDA:69,5,1,4
BRDA:77,6,0,0
BRDA:77,6,1,4
BRF:14
BRH:8
end_of_record
TN:
SF:src\components\Search.jsx
FN:7,(anonymous_0)
FN:13,(anonymous_1)
FN:29,(anonymous_2)
FN:37,(anonymous_3)
FNF:4
FNH:4
FNDA:9,(anonymous_0)
FNDA:3,(anonymous_1)
FNDA:4,(anonymous_2)
FNDA:1,(anonymous_3)
DA:7,1
DA:9,9
DA:11,9
DA:13,9
DA:15,3
DA:16,1
DA:17,1
DA:20,2
DA:23,9
DA:30,4
DA:31,4
DA:33,4
DA:34,1
DA:37,1
LF:14
LH:14
BRDA:15,0,0,1
BRDA:15,0,1,2
BRDA:33,1,0,1
BRDA:33,1,1,3
BRDA:37,2,0,1
BRDA:37,2,1,1
BRF:6
BRH:6
end_of_record
TN:
SF:src\components\SearchContainer.jsx
FN:8,(anonymous_0)
FN:16,(anonymous_1)
FN:51,(anonymous_2)
FNF:3
FNH:2
FNDA:4,(anonymous_0)
FNDA:0,(anonymous_1)
FNDA:2,(anonymous_2)
DA:8,1
DA:13,4
DA:15,4
DA:16,0
DA:19,4
DA:52,2
LF:6
LH:5
BRDA:21,0,0,4
BRDA:21,0,1,0
BRDA:35,1,0,4
BRDA:35,1,1,1
BRDA:42,2,0,4
BRDA:42,2,1,1
BRDA:49,3,0,4
BRDA:49,3,1,3
BRDA:49,3,2,2
BRDA:49,3,3,2
BRDA:57,4,0,4
BRDA:57,4,1,3
BRDA:57,4,2,2
BRDA:57,4,3,1
BRF:14
BRH:13
end_of_record
TN:
SF:src\pages\CoinDetail.jsx
FN:11,(anonymous_0)
FN:15,(anonymous_1)
FN:20,(anonymous_2)
FN:23,(anonymous_3)
FN:46,(anonymous_4)
FN:126,(anonymous_5)
FNF:6
FNH:6
FNDA:4,(anonymous_0)
FNDA:4,(anonymous_1)
FNDA:8,(anonymous_2)
FNDA:8,(anonymous_3)
FNDA:1,(anonymous_4)
FNDA:4,(anonymous_5)
DA:11,1
DA:12,4
DA:13,4
DA:15,4
DA:16,4
DA:19,4
DA:20,8
DA:23,8
DA:25,4
DA:47,1
DA:48,1
DA:50,1
DA:126,1
DA:127,4
LF:14
LH:14
BRDA:33,0,0,4
BRDA:33,0,1,1
BRDA:40,1,0,4
BRDA:40,1,1,1
BRDA:46,2,0,4
BRDA:46,2,1,3
BRDA:46,2,2,2
BRDA:46,2,3,1
BRDA:48,3,0,1
BRDA:48,3,1,0
BRDA:78,4,0,1
BRDA:78,4,1,0
BRDA:88,5,0,1
BRDA:88,5,1,0
BRDA:95,6,0,1
BRDA:95,6,1,0
BRDA:103,7,0,1
BRDA:103,7,1,1
BRDA:108,8,0,1
BRDA:108,8,1,1
BRDA:113,9,0,1
BRDA:113,9,1,1
BRF:22
BRH:18
end_of_record
TN:
SF:src\pages\Favoritos.jsx
FN:10,(anonymous_0)
FN:11,(anonymous_1)
FN:28,(anonymous_2)
FN:35,(anonymous_3)
FN:48,(anonymous_4)
FNF:5
FNH:4
FNDA:5,(anonymous_0)
FNDA:10,(anonymous_1)
FNDA:4,(anonymous_2)
FNDA:1,(anonymous_3)
FNDA:0,(anonymous_4)
DA:10,1
DA:11,10
DA:12,5
DA:13,5
DA:15,5
DA:29,4
DA:35,1
DA:48,0
LF:8
LH:7
BRDA:22,0,0,2
BRDA:22,0,1,3
BRDA:27,1,0,3
BRDA:27,1,1,0
BRDA:27,2,0,3
BRDA:27,2,1,0
BRF:6
BRH:4
end_of_record
TN:
SF:src\pages\Home.jsx
FN:8,(anonymous_0)
FNF:1
FNH:1
FNDA:1,(anonymous_0)
DA:8,1
DA:10,1
LF:2
LH:2
BRF:0
BRH:0
end_of_record
TN:
SF:src\pages\Market.jsx
FN:10,(anonymous_0)
FNF:1
FNH:1
FNDA:1,(anonymous_0)
DA:10,1
DA:12,1
LF:2
LH:2
BRF:0
BRH:0
end_of_record
TN:
SF:src\redux\allCoinsSlice.js
FN:6,(anonymous_0)
FN:36,(anonymous_1)
FN:39,(anonymous_2)
FN:42,(anonymous_3)
FN:46,(anonymous_4)
FN:48,(anonymous_5)
FN:51,(anonymous_6)
FN:55,(anonymous_7)
FNF:8
FNH:7
FNDA:0,(anonymous_0)
FNDA:1,(anonymous_1)
FNDA:2,(anonymous_2)
FNDA:1,(anonymous_3)
FNDA:1,(anonymous_4)
FNDA:1,(anonymous_5)
FNDA:1,(anonymous_6)
FNDA:1,(anonymous_7)
DA:4,1
DA:7,0
DA:9,0
DA:23,0
DA:27,1
DA:37,1
DA:40,2
DA:43,1
DA:47,1
DA:49,1
DA:52,1
DA:53,1
DA:56,1
DA:57,1
DA:62,1
LF:15
LH:12
BRDA:40,0,0,1
BRDA:40,0,1,1
BRF:2
BRH:2
end_of_record
TN:
SF:src\redux\coinDetailSlice.js
FN:5,(anonymous_0)
FN:19,(anonymous_1)
FN:21,(anonymous_2)
FN:25,(anonymous_3)
FN:29,(anonymous_4)
FNF:5
FNH:4
FNDA:0,(anonymous_0)
FNDA:2,(anonymous_1)
FNDA:1,(anonymous_2)
FNDA:1,(anonymous_3)
FNDA:1,(anonymous_4)
DA:4,2
DA:6,0
DA:8,0
DA:12,2
DA:20,2
DA:22,1
DA:23,1
DA:26,1
DA:27,1
DA:30,1
DA:31,1
LF:11
LH:9
BRF:0
BRH:0
end_of_record
TN:
SF:src\redux\currencySlice.js
FN:9,(anonymous_0)
FNF:1
FNH:1
FNDA:2,(anonymous_0)
DA:3,2
DA:10,2
DA:15,2
LF:3
LH:3
BRDA:10,0,0,1
BRDA:10,0,1,1
BRF:2
BRH:2
end_of_record
TN:
SF:src\redux\favoritesSlice.js
FN:11,(anonymous_0)
FN:13,(anonymous_1)
FN:16,(anonymous_2)
FNF:3
FNH:3
FNDA:4,(anonymous_0)
FNDA:2,(anonymous_1)
FNDA:2,(anonymous_2)
DA:3,3
DA:5,3
DA:13,4
DA:15,4
DA:16,2
DA:18,2
DA:21,4
DA:26,3
LF:8
LH:8
BRDA:3,0,0,3
BRDA:3,0,1,3
BRDA:15,1,0,2
BRDA:15,1,1,2
BRF:4
BRH:4
end_of_record
TN:
SF:src\redux\searchCoinsSlice.js
FN:5,(anonymous_0)
FN:25,(anonymous_1)
FN:31,(anonymous_2)
FN:33,(anonymous_3)
FN:37,(anonymous_4)
FN:41,(anonymous_5)
FNF:6
FNH:5
FNDA:0,(anonymous_0)
FNDA:1,(anonymous_1)
FNDA:1,(anonymous_2)
FNDA:1,(anonymous_3)
FNDA:1,(anonymous_4)
FNDA:1,(anonymous_5)
DA:4,2
DA:7,0
DA:13,0
DA:17,2
DA:26,1
DA:27,1
DA:28,1
DA:32,1
DA:34,1
DA:35,1
DA:38,1
DA:39,1
DA:42,1
DA:43,1
DA:49,2
LF:15
LH:13
BRF:0
BRH:0
end_of_record
TN:
SF:src\redux\topCoinsSlice.js
FN:6,(anonymous_0)
FN:37,(anonymous_1)
FN:39,(anonymous_2)
FN:42,(anonymous_3)
FN:46,(anonymous_4)
FNF:5
FNH:4
FNDA:0,(anonymous_0)
FNDA:1,(anonymous_1)
FNDA:1,(anonymous_2)
FNDA:1,(anonymous_3)
FNDA:1,(anonymous_4)
DA:4,1
DA:7,0
DA:8,0
DA:22,0
DA:24,0
DA:30,1
DA:38,1
DA:40,1
DA:43,1
DA:44,1
DA:47,1
DA:48,1
LF:12
LH:8
BRF:0
BRH:0
end_of_record
TN:
SF:src\redux\trendingSlice.js
FN:5,(anonymous_0)
FN:19,(anonymous_1)
FN:21,(anonymous_2)
FN:25,(anonymous_3)
FN:29,(anonymous_4)
FNF:5
FNH:4
FNDA:0,(anonymous_0)
FNDA:1,(anonymous_1)
FNDA:1,(anonymous_2)
FNDA:1,(anonymous_3)
FNDA:1,(anonymous_4)
DA:4,1
DA:6,0
DA:7,0
DA:12,1
DA:20,1
DA:22,1
DA:23,1
DA:26,1
DA:27,1
DA:30,1
DA:31,1
LF:11
LH:9
BRDA:7,0,0,0
BRDA:7,0,1,0
BRF:2
BRH:0
end_of_record
